2025-10-13 13:43:19,203 - main - INFO - Shimmer3 Streamer Application Initialized
2025-10-13 13:43:19,206 - data_logger - WARNING - Could not write metadata: Object of type datetime is not JSON serializable
2025-10-13 13:43:19,207 - data_logger - INFO - Created new log file: data/raw/shimmer3_data_20251013_134319_001_20251013_134319.csv
2025-10-13 13:43:19,207 - data_logger - INFO - DataLogger initialized - Format: csv, Output: data/raw, Buffer: 1000
2025-10-13 13:43:19,207 - data_exporter - INFO - DataExporter initialized - Input: data/raw, Output: data/processed
2025-10-13 13:43:19,207 - main - INFO - All components initialized successfully
2025-10-13 13:43:19,207 - shimmer_client - INFO - Attempting to connect to Shimmer3 device at /dev/rfcomm0
2025-10-13 13:43:19,207 - shimmer_client - INFO - Bluetooth connection detected for device /dev/rfcomm0
2025-10-13 13:43:19,208 - src.bluetooth_manager - INFO - Ensuring device /dev/rfcomm0 is ready for connection
2025-10-13 13:43:19,239 - src.bluetooth_manager - ERROR - Failed to list paired devices: 
2025-10-13 13:43:19,239 - src.bluetooth_manager - INFO - Pairing attempt 1/3
2025-10-13 13:43:19,239 - src.bluetooth_manager - INFO - Attempting to pair with device /dev/rfcomm0
2025-10-13 13:43:19,239 - src.bluetooth_manager - INFO - Scanning for device /dev/rfcomm0...
2025-10-13 13:43:39,440 - src.bluetooth_manager - WARNING - Device /dev/rfcomm0 not found during scan
2025-10-13 13:43:39,441 - src.bluetooth_manager - ERROR - Cannot find device /dev/rfcomm0 for pairing
2025-10-13 13:43:39,441 - src.bluetooth_manager - INFO - Pairing attempt failed, retrying in 5 seconds...
2025-10-13 13:43:44,442 - src.bluetooth_manager - INFO - Pairing attempt 2/3
2025-10-13 13:43:44,442 - src.bluetooth_manager - INFO - Attempting to pair with device /dev/rfcomm0
2025-10-13 13:43:44,442 - src.bluetooth_manager - INFO - Scanning for device /dev/rfcomm0...
2025-10-13 13:44:04,599 - src.bluetooth_manager - WARNING - Device /dev/rfcomm0 not found during scan
2025-10-13 13:44:04,599 - src.bluetooth_manager - ERROR - Cannot find device /dev/rfcomm0 for pairing
2025-10-13 13:44:04,600 - src.bluetooth_manager - INFO - Pairing attempt failed, retrying in 5 seconds...
2025-10-13 13:44:09,600 - src.bluetooth_manager - INFO - Pairing attempt 3/3
2025-10-13 13:44:09,601 - src.bluetooth_manager - INFO - Attempting to pair with device /dev/rfcomm0
2025-10-13 13:44:09,601 - src.bluetooth_manager - INFO - Scanning for device /dev/rfcomm0...
2025-10-13 13:44:29,753 - src.bluetooth_manager - WARNING - Device /dev/rfcomm0 not found during scan
2025-10-13 13:44:29,753 - src.bluetooth_manager - ERROR - Cannot find device /dev/rfcomm0 for pairing
2025-10-13 13:44:29,758 - src.bluetooth_manager - ERROR - Failed to pair device /dev/rfcomm0 after 3 attempts
2025-10-13 13:44:29,759 - shimmer_client - ERROR - Connection failed: Failed to prepare Bluetooth device /dev/rfcomm0 for connection
2025-10-13 13:44:29,759 - main - ERROR - Could not connect to Shimmer3. Aborting initialization.
2025-10-13 13:44:29,759 - main - ERROR - Failed to connect/configure Shimmer3: Shimmer3 connection failed
