2025-10-12 09:28:09,662 - main - INFO - Shimmer3 Streamer Application Initialized
2025-10-12 09:28:09,670 - data_logger - INFO - Created new log file: data/raw/shimmer3_data_20251012_092809_001_20251012_092809.csv
2025-10-12 09:28:09,671 - data_logger - INFO - DataLogger initialized - Format: csv, Output: data/raw, Buffer: 1000
2025-10-12 09:28:09,671 - data_exporter - INFO - DataExporter initialized - Input: data/raw, Output: data/processed
2025-10-12 09:28:09,671 - main - INFO - All components initialized successfully
2025-10-12 09:28:09,671 - shimmer_client - INFO - Attempting to connect to Shimmer3 on /dev/rfcomm0
2025-10-12 09:28:14,918 - shimmer_client - INFO - Successfully connected to Shimmer3
2025-10-12 09:28:17,016 - shimmer_client - INFO - Calibration data parsed
2025-10-12 09:28:21,210 - shimmer_client - INFO - Configured sensors: ['accelerometer', 'gyroscope', 'magnetometer'], sampling rate: 51.2 Hz
2025-10-12 09:28:21,210 - main - INFO - Shimmer3 connected and configured with sensors: ['accelerometer', 'gyroscope', 'magnetometer']
2025-10-12 09:28:21,211 - main - INFO - Starting data streaming...
2025-10-12 09:28:22,838 - shimmer_client - INFO - Started streaming
2025-10-12 09:28:22,839 - main - ERROR - Error during streaming: 'entries_since_last_export'
2025-10-12 09:28:22,940 - main - ERROR - Error during streaming: 'entries_since_last_export'
2025-10-12 09:28:23,041 - main - ERROR - Error during streaming: 'entries_since_last_export'
2025-10-12 09:28:23,142 - main - ERROR - Error during streaming: 'entries_since_last_export'
2025-10-12 09:28:23,243 - main - ERROR - Error during streaming: 'entries_since_last_export'
2025-10-12 09:28:23,344 - main - ERROR - Error during streaming: 'entries_since_last_export'
2025-10-12 09:28:23,444 - main - ERROR - Error during streaming: 'entries_since_last_export'
2025-10-12 09:28:23,545 - main - ERROR - Error during streaming: 'entries_since_last_export'
2025-10-12 09:28:23,646 - main - ERROR - Error during streaming: 'entries_since_last_export'
2025-10-12 09:28:23,747 - main - ERROR - Error during streaming: 'entries_since_last_export'
2025-10-12 09:28:23,848 - main - ERROR - Error during streaming: 'entries_since_last_export'
2025-10-12 09:28:23,949 - main - ERROR - Error during streaming: 'entries_since_last_export'
2025-10-12 09:28:24,049 - main - ERROR - Error during streaming: 'entries_since_last_export'
2025-10-12 09:28:24,150 - main - ERROR - Error during streaming: 'entries_since_last_export'
2025-10-12 09:28:24,251 - main - ERROR - Error during streaming: 'entries_since_last_export'
2025-10-12 09:28:24,352 - main - ERROR - Error during streaming: 'entries_since_last_export'
2025-10-12 09:28:24,453 - main - ERROR - Error during streaming: 'entries_since_last_export'
2025-10-12 09:28:24,554 - main - ERROR - Error during streaming: 'entries_since_last_export'
2025-10-12 09:28:24,654 - main - ERROR - Error during streaming: 'entries_since_last_export'
2025-10-12 09:28:24,755 - main - ERROR - Error during streaming: 'entries_since_last_export'
2025-10-12 09:28:24,856 - main - ERROR - Error during streaming: 'entries_since_last_export'
2025-10-12 09:28:24,957 - main - ERROR - Error during streaming: 'entries_since_last_export'
2025-10-12 09:28:25,058 - main - ERROR - Error during streaming: 'entries_since_last_export'
2025-10-12 09:28:25,158 - main - ERROR - Error during streaming: 'entries_since_last_export'
2025-10-12 09:28:25,259 - main - ERROR - Error during streaming: 'entries_since_last_export'
2025-10-12 09:28:25,360 - main - ERROR - Error during streaming: 'entries_since_last_export'
2025-10-12 09:28:25,461 - main - ERROR - Error during streaming: 'entries_since_last_export'
2025-10-12 09:28:25,562 - main - ERROR - Error during streaming: 'entries_since_last_export'
2025-10-12 09:28:25,663 - main - ERROR - Error during streaming: 'entries_since_last_export'
2025-10-12 09:28:25,764 - main - ERROR - Error during streaming: 'entries_since_last_export'
2025-10-12 09:28:25,865 - main - ERROR - Error during streaming: 'entries_since_last_export'
2025-10-12 09:28:25,965 - main - ERROR - Error during streaming: 'entries_since_last_export'
2025-10-12 09:28:26,066 - main - ERROR - Error during streaming: 'entries_since_last_export'
2025-10-12 09:28:26,167 - main - ERROR - Error during streaming: 'entries_since_last_export'
2025-10-12 09:28:26,268 - main - ERROR - Error during streaming: 'entries_since_last_export'
2025-10-12 09:28:26,369 - main - ERROR - Error during streaming: 'entries_since_last_export'
2025-10-12 09:28:26,470 - main - ERROR - Error during streaming: 'entries_since_last_export'
2025-10-12 09:28:26,571 - main - ERROR - Error during streaming: 'entries_since_last_export'
2025-10-12 09:28:26,671 - main - ERROR - Error during streaming: 'entries_since_last_export'
2025-10-12 09:28:26,772 - main - ERROR - Error during streaming: 'entries_since_last_export'
2025-10-12 09:28:26,873 - main - ERROR - Error during streaming: 'entries_since_last_export'
2025-10-12 09:28:26,974 - main - ERROR - Error during streaming: 'entries_since_last_export'
2025-10-12 09:28:27,075 - main - ERROR - Error during streaming: 'entries_since_last_export'
2025-10-12 09:28:27,176 - main - ERROR - Error during streaming: 'entries_since_last_export'
2025-10-12 09:28:27,277 - main - ERROR - Error during streaming: 'entries_since_last_export'
2025-10-12 09:28:27,378 - main - ERROR - Error during streaming: 'entries_since_last_export'
2025-10-12 09:28:27,478 - main - ERROR - Error during streaming: 'entries_since_last_export'
2025-10-12 09:28:27,579 - main - ERROR - Error during streaming: 'entries_since_last_export'
2025-10-12 09:28:27,680 - main - ERROR - Error during streaming: 'entries_since_last_export'
2025-10-12 09:28:27,781 - main - ERROR - Error during streaming: 'entries_since_last_export'
2025-10-12 09:28:27,882 - main - ERROR - Error during streaming: 'entries_since_last_export'
2025-10-12 09:28:27,983 - main - ERROR - Error during streaming: 'entries_since_last_export'
2025-10-12 09:28:28,083 - main - ERROR - Error during streaming: 'entries_since_last_export'
2025-10-12 09:28:28,184 - main - ERROR - Error during streaming: 'entries_since_last_export'
2025-10-12 09:28:28,285 - main - ERROR - Error during streaming: 'entries_since_last_export'
2025-10-12 09:28:28,388 - main - ERROR - Error during streaming: 'entries_since_last_export'
2025-10-12 09:28:28,488 - main - ERROR - Error during streaming: 'entries_since_last_export'
2025-10-12 09:28:28,590 - main - ERROR - Error during streaming: 'entries_since_last_export'
2025-10-12 09:28:28,691 - main - ERROR - Error during streaming: 'entries_since_last_export'
2025-10-12 09:28:28,791 - main - ERROR - Error during streaming: 'entries_since_last_export'
2025-10-12 09:28:28,892 - main - ERROR - Error during streaming: 'entries_since_last_export'
2025-10-12 09:28:28,993 - main - ERROR - Error during streaming: 'entries_since_last_export'
2025-10-12 09:28:29,094 - main - ERROR - Error during streaming: 'entries_since_last_export'
2025-10-12 09:28:29,195 - main - ERROR - Error during streaming: 'entries_since_last_export'
2025-10-12 09:28:29,296 - main - ERROR - Error during streaming: 'entries_since_last_export'
2025-10-12 09:28:29,397 - main - ERROR - Error during streaming: 'entries_since_last_export'
2025-10-12 09:28:29,499 - main - ERROR - Error during streaming: 'entries_since_last_export'
2025-10-12 09:28:29,600 - main - ERROR - Error during streaming: 'entries_since_last_export'
2025-10-12 09:28:29,701 - main - ERROR - Error during streaming: 'entries_since_last_export'
2025-10-12 09:28:29,802 - main - ERROR - Error during streaming: 'entries_since_last_export'
2025-10-12 09:28:29,903 - main - ERROR - Error during streaming: 'entries_since_last_export'
2025-10-12 09:28:30,004 - main - ERROR - Error during streaming: 'entries_since_last_export'
2025-10-12 09:28:30,104 - main - ERROR - Error during streaming: 'entries_since_last_export'
2025-10-12 09:28:30,205 - main - ERROR - Error during streaming: 'entries_since_last_export'
2025-10-12 09:28:30,306 - main - ERROR - Error during streaming: 'entries_since_last_export'
2025-10-12 09:28:30,407 - main - ERROR - Error during streaming: 'entries_since_last_export'
2025-10-12 09:28:30,508 - main - ERROR - Error during streaming: 'entries_since_last_export'
2025-10-12 09:28:30,609 - main - ERROR - Error during streaming: 'entries_since_last_export'
2025-10-12 09:28:30,710 - main - ERROR - Error during streaming: 'entries_since_last_export'
2025-10-12 09:28:30,811 - main - ERROR - Error during streaming: 'entries_since_last_export'
2025-10-12 09:28:30,912 - main - ERROR - Error during streaming: 'entries_since_last_export'
2025-10-12 09:28:31,012 - main - ERROR - Error during streaming: 'entries_since_last_export'
2025-10-12 09:28:31,114 - main - ERROR - Error during streaming: 'entries_since_last_export'
2025-10-12 09:28:31,215 - main - ERROR - Error during streaming: 'entries_since_last_export'
2025-10-12 09:28:31,316 - main - ERROR - Error during streaming: 'entries_since_last_export'
2025-10-12 09:28:31,417 - main - ERROR - Error during streaming: 'entries_since_last_export'
2025-10-12 09:28:31,517 - main - ERROR - Error during streaming: 'entries_since_last_export'
2025-10-12 09:28:31,619 - main - ERROR - Error during streaming: 'entries_since_last_export'
2025-10-12 09:28:31,720 - main - ERROR - Error during streaming: 'entries_since_last_export'
2025-10-12 09:28:31,821 - main - ERROR - Error during streaming: 'entries_since_last_export'
2025-10-12 09:28:31,922 - main - ERROR - Error during streaming: 'entries_since_last_export'
2025-10-12 09:28:32,023 - main - ERROR - Error during streaming: 'entries_since_last_export'
2025-10-12 09:28:32,123 - main - ERROR - Error during streaming: 'entries_since_last_export'
2025-10-12 09:28:32,224 - main - ERROR - Error during streaming: 'entries_since_last_export'
2025-10-12 09:28:32,325 - main - ERROR - Error during streaming: 'entries_since_last_export'
2025-10-12 09:28:32,426 - main - ERROR - Error during streaming: 'entries_since_last_export'
2025-10-12 09:28:32,527 - main - ERROR - Error during streaming: 'entries_since_last_export'
2025-10-12 09:28:32,628 - main - ERROR - Error during streaming: 'entries_since_last_export'
2025-10-12 09:28:32,728 - main - ERROR - Error during streaming: 'entries_since_last_export'
2025-10-12 09:28:32,829 - main - ERROR - Error during streaming: 'entries_since_last_export'
2025-10-12 09:28:32,930 - main - ERROR - Error during streaming: 'entries_since_last_export'
2025-10-12 09:28:32,939 - main - INFO - Stopping streaming...
2025-10-12 09:28:33,031 - main - INFO - Cleaning up resources...
2025-10-12 09:28:33,377 - shimmer_client - INFO - Stopped streaming
2025-10-12 09:28:33,378 - shimmer_client - INFO - Disconnected from Shimmer3
2025-10-12 09:28:33,378 - data_logger - INFO - Closing DataLogger...
2025-10-12 09:28:33,939 - data_logger - INFO - DataLogger closed. Total entries logged: 101
2025-10-12 09:28:33,940 - main - INFO - Cleanup completed.
