2025-10-13 13:49:30,885 - main - INFO - Shimmer3 Streamer Application Initialized
2025-10-13 13:49:30,893 - data_logger - WARNING - Could not write metadata: Object of type datetime is not JSON serializable
2025-10-13 13:49:30,893 - data_logger - INFO - Created new log file: data/raw/shimmer3_data_20251013_134930_001_20251013_134930.csv
2025-10-13 13:49:30,893 - data_logger - INFO - DataLogger initialized - Format: csv, Output: data/raw, Buffer: 1000
2025-10-13 13:49:30,893 - data_exporter - INFO - DataExporter initialized - Input: data/raw, Output: data/processed
2025-10-13 13:49:30,894 - main - INFO - All components initialized successfully
2025-10-13 13:49:30,894 - shimmer_client - INFO - Attempting to connect to Shimmer3 device at /dev/rfcomm0
2025-10-13 13:49:30,894 - shimmer_client - INFO - Bluetooth connection detected for device /dev/rfcomm0
2025-10-13 13:49:30,894 - src.bluetooth_manager - INFO - Ensuring device /dev/rfcomm0 is ready for connection
2025-10-13 13:49:30,927 - src.bluetooth_manager - ERROR - Failed to list paired devices: 
2025-10-13 13:49:30,927 - src.bluetooth_manager - INFO - Pairing attempt 1/3
2025-10-13 13:49:30,927 - src.bluetooth_manager - INFO - Attempting to pair with device /dev/rfcomm0
2025-10-13 13:49:30,927 - src.bluetooth_manager - INFO - Scanning for device /dev/rfcomm0...
2025-10-13 13:49:51,103 - src.bluetooth_manager - WARNING - Device /dev/rfcomm0 not found during scan
2025-10-13 13:49:51,104 - src.bluetooth_manager - ERROR - Cannot find device /dev/rfcomm0 for pairing
2025-10-13 13:49:51,104 - src.bluetooth_manager - INFO - Pairing attempt failed, retrying in 5 seconds...
2025-10-13 13:49:56,104 - src.bluetooth_manager - INFO - Pairing attempt 2/3
2025-10-13 13:49:56,105 - src.bluetooth_manager - INFO - Attempting to pair with device /dev/rfcomm0
2025-10-13 13:49:56,105 - src.bluetooth_manager - INFO - Scanning for device /dev/rfcomm0...
2025-10-13 13:50:14,892 - main - INFO - Stopping streaming...
2025-10-13 13:50:16,267 - src.bluetooth_manager - WARNING - Device /dev/rfcomm0 not found during scan
2025-10-13 13:50:16,268 - src.bluetooth_manager - ERROR - Cannot find device /dev/rfcomm0 for pairing
2025-10-13 13:50:16,268 - src.bluetooth_manager - INFO - Pairing attempt failed, retrying in 5 seconds...
2025-10-13 13:50:21,268 - src.bluetooth_manager - INFO - Pairing attempt 3/3
2025-10-13 13:50:21,269 - src.bluetooth_manager - INFO - Attempting to pair with device /dev/rfcomm0
2025-10-13 13:50:21,269 - src.bluetooth_manager - INFO - Scanning for device /dev/rfcomm0...
2025-10-13 13:50:41,431 - src.bluetooth_manager - WARNING - Device /dev/rfcomm0 not found during scan
2025-10-13 13:50:41,431 - src.bluetooth_manager - ERROR - Cannot find device /dev/rfcomm0 for pairing
2025-10-13 13:50:41,432 - src.bluetooth_manager - ERROR - Failed to pair device /dev/rfcomm0 after 3 attempts
2025-10-13 13:50:41,432 - shimmer_client - ERROR - Connection failed: Failed to prepare Bluetooth device /dev/rfcomm0 for connection
2025-10-13 13:50:41,432 - main - ERROR - Could not connect to Shimmer3. Aborting initialization.
2025-10-13 13:50:41,432 - main - ERROR - Failed to connect/configure Shimmer3: Shimmer3 connection failed
