2025-10-11 17:28:06,542 - main - INFO - Shimmer3 Streamer Application Initialized
2025-10-11 17:28:06,550 - data_logger - INFO - Created new log file: data/raw/shimmer3_data_20251011_172806_001_20251011_172806.csv
2025-10-11 17:28:06,551 - data_logger - INFO - DataLogger initialized - Format: csv, Output: data/raw, Buffer: 1000
2025-10-11 17:28:06,551 - data_exporter - INFO - DataExporter initialized - Input: data/raw, Output: data/processed
2025-10-11 17:28:06,551 - main - INFO - All components initialized successfully
2025-10-11 17:28:06,551 - shimmer_client - INFO - Attempting to connect to Shimmer3 on /dev/rfcomm0
2025-10-11 17:28:09,612 - shimmer_client - INFO - Successfully connected to Shimmer3
2025-10-11 17:28:11,695 - shimmer_client - INFO - Calibration data parsed
2025-10-11 17:28:15,905 - shimmer_client - INFO - Configured sensors: ['accelerometer', 'gyroscope', 'magnetometer'], sampling rate: 51.2 Hz
2025-10-11 17:28:15,905 - main - INFO - Shimmer3 connected and configured with sensors: ['accelerometer', 'gyroscope', 'magnetometer']
2025-10-11 17:28:15,905 - main - INFO - Starting data streaming...
2025-10-11 17:28:17,605 - shimmer_client - INFO - Started streaming
2025-10-11 17:28:17,607 - main - ERROR - Error during streaming: 'entries_since_last_export'
2025-10-11 17:28:17,708 - main - ERROR - Error during streaming: 'entries_since_last_export'
2025-10-11 17:28:17,809 - main - ERROR - Error during streaming: 'entries_since_last_export'
2025-10-11 17:28:17,910 - main - ERROR - Error during streaming: 'entries_since_last_export'
2025-10-11 17:28:18,011 - main - ERROR - Error during streaming: 'entries_since_last_export'
2025-10-11 17:28:18,112 - main - ERROR - Error during streaming: 'entries_since_last_export'
2025-10-11 17:28:18,213 - main - ERROR - Error during streaming: 'entries_since_last_export'
2025-10-11 17:28:18,313 - main - ERROR - Error during streaming: 'entries_since_last_export'
2025-10-11 17:28:18,414 - main - ERROR - Error during streaming: 'entries_since_last_export'
2025-10-11 17:28:18,515 - main - ERROR - Error during streaming: 'entries_since_last_export'
2025-10-11 17:28:18,616 - main - ERROR - Error during streaming: 'entries_since_last_export'
2025-10-11 17:28:18,717 - main - ERROR - Error during streaming: 'entries_since_last_export'
2025-10-11 17:28:18,818 - main - ERROR - Error during streaming: 'entries_since_last_export'
2025-10-11 17:28:18,918 - main - ERROR - Error during streaming: 'entries_since_last_export'
2025-10-11 17:28:19,019 - main - ERROR - Error during streaming: 'entries_since_last_export'
2025-10-11 17:28:19,120 - main - ERROR - Error during streaming: 'entries_since_last_export'
2025-10-11 17:28:19,221 - main - ERROR - Error during streaming: 'entries_since_last_export'
2025-10-11 17:28:19,322 - main - ERROR - Error during streaming: 'entries_since_last_export'
2025-10-11 17:28:19,423 - main - ERROR - Error during streaming: 'entries_since_last_export'
2025-10-11 17:28:19,523 - main - ERROR - Error during streaming: 'entries_since_last_export'
2025-10-11 17:28:19,624 - main - ERROR - Error during streaming: 'entries_since_last_export'
2025-10-11 17:28:19,725 - main - ERROR - Error during streaming: 'entries_since_last_export'
2025-10-11 17:28:19,826 - main - ERROR - Error during streaming: 'entries_since_last_export'
2025-10-11 17:28:19,927 - main - ERROR - Error during streaming: 'entries_since_last_export'
2025-10-11 17:28:20,028 - main - ERROR - Error during streaming: 'entries_since_last_export'
2025-10-11 17:28:20,128 - main - ERROR - Error during streaming: 'entries_since_last_export'
2025-10-11 17:28:20,229 - main - ERROR - Error during streaming: 'entries_since_last_export'
2025-10-11 17:28:20,330 - main - ERROR - Error during streaming: 'entries_since_last_export'
2025-10-11 17:28:20,431 - main - ERROR - Error during streaming: 'entries_since_last_export'
2025-10-11 17:28:20,532 - main - ERROR - Error during streaming: 'entries_since_last_export'
2025-10-11 17:28:20,632 - main - ERROR - Error during streaming: 'entries_since_last_export'
2025-10-11 17:28:20,733 - main - ERROR - Error during streaming: 'entries_since_last_export'
2025-10-11 17:28:20,834 - main - ERROR - Error during streaming: 'entries_since_last_export'
2025-10-11 17:28:20,935 - main - ERROR - Error during streaming: 'entries_since_last_export'
2025-10-11 17:28:21,036 - main - ERROR - Error during streaming: 'entries_since_last_export'
2025-10-11 17:28:21,137 - main - ERROR - Error during streaming: 'entries_since_last_export'
2025-10-11 17:28:21,238 - main - ERROR - Error during streaming: 'entries_since_last_export'
2025-10-11 17:28:21,339 - main - ERROR - Error during streaming: 'entries_since_last_export'
2025-10-11 17:28:21,439 - main - ERROR - Error during streaming: 'entries_since_last_export'
2025-10-11 17:28:21,540 - main - ERROR - Error during streaming: 'entries_since_last_export'
2025-10-11 17:28:21,641 - main - ERROR - Error during streaming: 'entries_since_last_export'
2025-10-11 17:28:21,742 - main - ERROR - Error during streaming: 'entries_since_last_export'
2025-10-11 17:28:21,843 - main - ERROR - Error during streaming: 'entries_since_last_export'
2025-10-11 17:28:21,943 - main - ERROR - Error during streaming: 'entries_since_last_export'
2025-10-11 17:28:22,044 - main - ERROR - Error during streaming: 'entries_since_last_export'
2025-10-11 17:28:22,145 - main - ERROR - Error during streaming: 'entries_since_last_export'
2025-10-11 17:28:22,246 - main - ERROR - Error during streaming: 'entries_since_last_export'
2025-10-11 17:28:22,347 - main - ERROR - Error during streaming: 'entries_since_last_export'
2025-10-11 17:28:22,448 - main - ERROR - Error during streaming: 'entries_since_last_export'
2025-10-11 17:28:22,549 - main - ERROR - Error during streaming: 'entries_since_last_export'
2025-10-11 17:28:22,649 - main - ERROR - Error during streaming: 'entries_since_last_export'
2025-10-11 17:28:22,752 - main - ERROR - Error during streaming: 'entries_since_last_export'
2025-10-11 17:28:22,854 - main - ERROR - Error during streaming: 'entries_since_last_export'
2025-10-11 17:28:22,955 - main - ERROR - Error during streaming: 'entries_since_last_export'
2025-10-11 17:28:23,055 - main - ERROR - Error during streaming: 'entries_since_last_export'
2025-10-11 17:28:23,156 - main - ERROR - Error during streaming: 'entries_since_last_export'
2025-10-11 17:28:23,257 - main - ERROR - Error during streaming: 'entries_since_last_export'
2025-10-11 17:28:23,358 - main - ERROR - Error during streaming: 'entries_since_last_export'
2025-10-11 17:28:23,459 - main - ERROR - Error during streaming: 'entries_since_last_export'
2025-10-11 17:28:23,560 - main - ERROR - Error during streaming: 'entries_since_last_export'
2025-10-11 17:28:23,661 - main - ERROR - Error during streaming: 'entries_since_last_export'
2025-10-11 17:28:23,762 - main - ERROR - Error during streaming: 'entries_since_last_export'
2025-10-11 17:28:23,863 - main - ERROR - Error during streaming: 'entries_since_last_export'
2025-10-11 17:28:23,964 - main - ERROR - Error during streaming: 'entries_since_last_export'
2025-10-11 17:28:24,064 - main - ERROR - Error during streaming: 'entries_since_last_export'
2025-10-11 17:28:24,166 - main - ERROR - Error during streaming: 'entries_since_last_export'
2025-10-11 17:28:24,266 - main - ERROR - Error during streaming: 'entries_since_last_export'
2025-10-11 17:28:24,367 - main - ERROR - Error during streaming: 'entries_since_last_export'
2025-10-11 17:28:24,468 - main - ERROR - Error during streaming: 'entries_since_last_export'
2025-10-11 17:28:24,569 - main - ERROR - Error during streaming: 'entries_since_last_export'
2025-10-11 17:28:24,670 - main - ERROR - Error during streaming: 'entries_since_last_export'
2025-10-11 17:28:24,771 - main - ERROR - Error during streaming: 'entries_since_last_export'
2025-10-11 17:28:24,872 - main - ERROR - Error during streaming: 'entries_since_last_export'
2025-10-11 17:28:24,972 - main - ERROR - Error during streaming: 'entries_since_last_export'
2025-10-11 17:28:25,073 - main - ERROR - Error during streaming: 'entries_since_last_export'
2025-10-11 17:28:25,174 - main - ERROR - Error during streaming: 'entries_since_last_export'
2025-10-11 17:28:25,275 - main - ERROR - Error during streaming: 'entries_since_last_export'
2025-10-11 17:28:25,376 - main - ERROR - Error during streaming: 'entries_since_last_export'
2025-10-11 17:28:25,477 - main - ERROR - Error during streaming: 'entries_since_last_export'
2025-10-11 17:28:25,578 - main - ERROR - Error during streaming: 'entries_since_last_export'
2025-10-11 17:28:25,679 - main - ERROR - Error during streaming: 'entries_since_last_export'
2025-10-11 17:28:25,780 - main - ERROR - Error during streaming: 'entries_since_last_export'
2025-10-11 17:28:25,880 - main - ERROR - Error during streaming: 'entries_since_last_export'
2025-10-11 17:28:25,981 - main - ERROR - Error during streaming: 'entries_since_last_export'
2025-10-11 17:28:26,082 - main - ERROR - Error during streaming: 'entries_since_last_export'
2025-10-11 17:28:26,183 - main - ERROR - Error during streaming: 'entries_since_last_export'
2025-10-11 17:28:26,283 - main - ERROR - Error during streaming: 'entries_since_last_export'
2025-10-11 17:28:26,385 - main - ERROR - Error during streaming: 'entries_since_last_export'
2025-10-11 17:28:26,486 - main - ERROR - Error during streaming: 'entries_since_last_export'
2025-10-11 17:28:26,587 - main - ERROR - Error during streaming: 'entries_since_last_export'
2025-10-11 17:28:26,688 - main - ERROR - Error during streaming: 'entries_since_last_export'
2025-10-11 17:28:26,788 - main - ERROR - Error during streaming: 'entries_since_last_export'
2025-10-11 17:28:26,865 - main - INFO - Stopping streaming...
2025-10-11 17:28:26,890 - main - INFO - Cleaning up resources...
2025-10-11 17:28:27,235 - shimmer_client - INFO - Stopped streaming
2025-10-11 17:28:27,236 - shimmer_client - INFO - Disconnected from Shimmer3
2025-10-11 17:28:27,236 - data_logger - INFO - Closing DataLogger...
2025-10-11 17:28:27,792 - data_logger - INFO - DataLogger closed. Total entries logged: 92
2025-10-11 17:28:27,793 - main - INFO - Cleanup completed.
